Flutter crash report.
Please report a bug at https://github.com/flutter/flutter/issues.

## command

flutter debug_adapter

## exception

SocketException: SocketException: Write failed (OS Error: The pipe is being closed.
, errno = 232), port = 0

```
#0      _NativeSocket.write (dart:io-patch/socket_patch.dart:1252:34)
#1      _RawSocket.write (dart:io-patch/socket_patch.dart:2010:15)
#2      _Socket._write (dart:io-patch/socket_patch.dart:2487:18)
#3      _SocketStreamConsumer.write (dart:io-patch/socket_patch.dart:2222:28)
#4      _SocketStreamConsumer.addStream.<anonymous closure> (dart:io-patch/socket_patch.dart:2174:11)
#5      _rootRunUnary (dart:async/zone.dart:1407:47)
#6      _CustomZone.runUnary (dart:async/zone.dart:1308:19)
#7      _CustomZone.runUnaryGuarded (dart:async/zone.dart:1217:7)
#8      _BufferingStreamSubscription._sendData (dart:async/stream_impl.dart:365:11)
#9      _DelayedData.perform (dart:async/stream_impl.dart:541:14)
#10     _PendingEvents.handleNext (dart:async/stream_impl.dart:646:11)
#11     _PendingEvents.schedule.<anonymous closure> (dart:async/stream_impl.dart:617:7)
#12     _rootRun (dart:async/zone.dart:1391:47)
#13     _CustomZone.run (dart:async/zone.dart:1301:19)
#14     _CustomZone.runGuarded (dart:async/zone.dart:1209:7)
#15     _CustomZone.bindCallbackGuarded.<anonymous closure> (dart:async/zone.dart:1249:23)
#16     _rootRun (dart:async/zone.dart:1399:13)
#17     _CustomZone.run (dart:async/zone.dart:1301:19)
#18     _CustomZone.runGuarded (dart:async/zone.dart:1209:7)
#19     _CustomZone.bindCallbackGuarded.<anonymous closure> (dart:async/zone.dart:1249:23)
#20     _microtaskLoop (dart:async/schedule_microtask.dart:40:21)
#21     _startMicrotaskLoop (dart:async/schedule_microtask.dart:49:5)
#22     _runPendingImmediateCallback (dart:isolate-patch/isolate_patch.dart:118:13)
#23     _RawReceivePort._handleMessage (dart:isolate-patch/isolate_patch.dart:185:5)
```

## flutter doctor

```
[✓] Flutter (Channel stable, 3.24.3, on Microsoft Windows [Version 10.0.22631.4169], locale en-IN)
    • Flutter version 3.24.3 on channel stable at C:\Users\Rohit\Downloads\flutter_windows_3.22.3-stable\flutter
    • Upstream repository https://github.com/flutter/flutter.git
    • Framework revision 2663184aa7 (13 days ago), 2024-09-11 16:27:48 -0500
    • Engine revision 36335019a8
    • Dart version 3.5.3
    • DevTools version 2.37.3

[✓] Windows Version (Installed version of Windows is version 10 or higher)

[✗] Android toolchain - develop for Android devices
    ✗ Unable to locate Android SDK.
      Install Android Studio from: https://developer.android.com/studio/index.html
      On first launch it will assist you in installing the Android SDK components.
      (or visit https://flutter.dev/to/windows-android-setup for detailed instructions).
      If the Android SDK has been installed to a custom location, please use
      `flutter config --android-sdk` to update to that location.


[✓] Chrome - develop for the web
    • Chrome at C:\Program Files\Google\Chrome\Application\chrome.exe

[!] Visual Studio - develop Windows apps (Visual Studio Community 2022 17.10.5)
    • Visual Studio at C:\Program Files\Microsoft Visual Studio\2022\Community
    • Visual Studio Community 2022 version 17.10.35122.118
    ✗ Visual Studio is missing necessary components. Please re-run the Visual Studio installer for the "Desktop development with C++" workload, and include these components:
        MSVC v142 - VS 2019 C++ x64/x86 build tools
         - If there are multiple build tool versions available, install the latest
        C++ CMake tools for Windows
        Windows 10 SDK

[!] Android Studio (not installed)
    • Android Studio not found; download from https://developer.android.com/studio/index.html
      (or visit https://flutter.dev/to/windows-android-setup for detailed instructions).

[✓] VS Code (version 1.93.1)
    • VS Code at C:\Users\Rohit\AppData\Local\Programs\Microsoft VS Code
    • Flutter extension version 3.96.0

[✓] Connected device (3 available)
    • Windows (desktop) • windows • windows-x64    • Microsoft Windows [Version 10.0.22631.4169]
    • Chrome (web)      • chrome  • web-javascript • Google Chrome 129.0.6668.59
    • Edge (web)        • edge    • web-javascript • Microsoft Edge 129.0.2792.52

[✓] Network resources
    • All expected network resources are available.

! Doctor found issues in 3 categories.
```
